0 info it worked if it ends with ok
1 verbose cli [ '/root/.nvm/versions/node/v7.5.0/bin/node',
1 verbose cli   '/root/.nvm/versions/node/v7.5.0/bin/npm',
1 verbose cli   'start' ]
2 info using npm@4.1.2
3 info using node@v7.5.0
4 verbose run-script [ 'prestart', 'start', 'poststart' ]
5 info lifecycle xapps@0.0.0~prestart: xapps@0.0.0
6 silly lifecycle xapps@0.0.0~prestart: no script for prestart, continuing
7 info lifecycle xapps@0.0.0~start: xapps@0.0.0
8 verbose lifecycle xapps@0.0.0~start: unsafe-perm in lifecycle true
9 verbose lifecycle xapps@0.0.0~start: PATH: /root/.nvm/versions/node/v7.5.0/lib/node_modules/npm/bin/node-gyp-bin:/root/webservice/xapps/xapps/node_modules/.bin:/root/.nvm/versions/node/v7.5.0/bin:/usr/local/sbin:/usr/local/bin:/usr/sbin:/usr/bin:/sbin:/bin:/usr/games:/usr/local/games:/snap/bin:/snap/bin
10 verbose lifecycle xapps@0.0.0~start: CWD: /root/webservice/xapps/xapps
11 silly lifecycle xapps@0.0.0~start: Args: [ '-c', 'node ./bin/www' ]
12 verbose stack Error: write EPIPE
12 verbose stack     at exports._errnoException (util.js:1023:11)
12 verbose stack     at WriteWrap.afterWrite [as oncomplete] (net.js:804:14)
13 verbose cwd /root/webservice/xapps/xapps
14 error Linux 4.4.0-66-generic
15 error argv "/root/.nvm/versions/node/v7.5.0/bin/node" "/root/.nvm/versions/node/v7.5.0/bin/npm" "start"
16 error node v7.5.0
17 error npm  v4.1.2
18 error code EPIPE
19 error errno EPIPE
20 error syscall write
21 error write EPIPE
22 error If you need help, you may report this error at:
22 error     <https://github.com/npm/npm/issues>
23 verbose exit [ 1, true ]
